<?xml version="1.0" encoding="UTF-8"?>
<!-- Generated by org.testng.reporters.JUnitXMLReporter -->
<testsuite ignored="0" hostname="DESKTOP-4BSLIP7" failures="0" tests="4" name="Amazon Shopping Test" time="70.006" errors="0" timestamp="2022-10-25T14:03:08 EDT">
  <testcase classname="com.amazon.test.HomePageTest" name="clickOnMenu" time="15.306"/>
  <testcase classname="com.amazon.test.HomePageTest" name="homePageTitleTest" time="0.11"/>
  <testcase classname="com.amazon.test.ShoppingPageTest" name="ShoppingPage" time="6.125"/>
  <testcase classname="com.amazon.test.ShoppingPageTest" name="verifyShoppingPageTitle" time="0.039"/>
</testsuite> <!-- Amazon Shopping Test -->
