<?xml version="1.0" encoding="UTF-8"?>
<testng-results ignored="0" total="4" passed="4" failed="0" skipped="0">
  <reporter-output>
  </reporter-output>
  <suite started-at="2022-10-25T14:01:58 EDT" name="AmazonShopping Automation Test Suite" finished-at="2022-10-25T14:03:08 EDT" duration-ms="70006">
    <groups>
    </groups>
    <test started-at="2022-10-25T14:01:58 EDT" name="Amazon Shopping Test" finished-at="2022-10-25T14:03:08 EDT" duration-ms="70006">
      <class name="com.amazon.test.HomePageTest">
        <test-method is-config="true" signature="initializileReport()[pri:0, instance:com.amazon.test.HomePageTest@1807e3f6]" started-at="2022-10-25T14:01:58 EDT" name="initializileReport" finished-at="2022-10-25T14:01:58 EDT" duration-ms="208" status="PASS">
          <reporter-output>
          </reporter-output>
        </test-method> <!-- initializileReport -->
        <test-method is-config="true" signature="homePage()[pri:0, instance:com.amazon.test.HomePageTest@1807e3f6]" started-at="2022-10-25T14:01:58 EDT" name="homePage" finished-at="2022-10-25T14:02:03 EDT" duration-ms="4455" status="PASS">
          <reporter-output>
          </reporter-output>
        </test-method> <!-- homePage -->
        <test-method signature="clickOnMenu()[pri:0, instance:com.amazon.test.HomePageTest@1807e3f6]" started-at="2022-10-25T14:02:03 EDT" name="clickOnMenu" finished-at="2022-10-25T14:02:18 EDT" duration-ms="15306" status="PASS">
          <reporter-output>
          </reporter-output>
        </test-method> <!-- clickOnMenu -->
        <test-method is-config="true" signature="tearDown()[pri:0, instance:com.amazon.test.HomePageTest@1807e3f6]" started-at="2022-10-25T14:02:18 EDT" name="tearDown" finished-at="2022-10-25T14:02:19 EDT" duration-ms="631" status="PASS">
          <reporter-output>
          </reporter-output>
        </test-method> <!-- tearDown -->
        <test-method is-config="true" signature="homePage()[pri:0, instance:com.amazon.test.HomePageTest@1807e3f6]" started-at="2022-10-25T14:02:19 EDT" name="homePage" finished-at="2022-10-25T14:02:22 EDT" duration-ms="2979" status="PASS">
          <reporter-output>
          </reporter-output>
        </test-method> <!-- homePage -->
        <test-method signature="homePageTitleTest()[pri:0, instance:com.amazon.test.HomePageTest@1807e3f6]" started-at="2022-10-25T14:02:22 EDT" name="homePageTitleTest" finished-at="2022-10-25T14:02:22 EDT" duration-ms="110" status="PASS">
          <reporter-output>
          </reporter-output>
        </test-method> <!-- homePageTitleTest -->
        <test-method is-config="true" signature="tearDown()[pri:0, instance:com.amazon.test.HomePageTest@1807e3f6]" started-at="2022-10-25T14:02:22 EDT" name="tearDown" finished-at="2022-10-25T14:02:22 EDT" duration-ms="444" status="PASS">
          <reporter-output>
          </reporter-output>
        </test-method> <!-- tearDown -->
        <test-method is-config="true" signature="endReport()[pri:0, instance:com.amazon.test.HomePageTest@1807e3f6]" started-at="2022-10-25T14:03:08 EDT" name="endReport" finished-at="2022-10-25T14:03:09 EDT" duration-ms="376" status="PASS">
          <reporter-output>
          </reporter-output>
        </test-method> <!-- endReport -->
      </class> <!-- com.amazon.test.HomePageTest -->
      <class name="com.amazon.test.ShoppingPageTest">
        <test-method is-config="true" signature="homePage()[pri:0, instance:com.amazon.test.ShoppingPageTest@5b7a7f33]" started-at="2022-10-25T14:02:22 EDT" name="homePage" finished-at="2022-10-25T14:02:41 EDT" duration-ms="19174" status="PASS">
          <reporter-output>
          </reporter-output>
        </test-method> <!-- homePage -->
        <test-method signature="ShoppingPage()[pri:0, instance:com.amazon.test.ShoppingPageTest@5b7a7f33]" started-at="2022-10-25T14:02:41 EDT" name="ShoppingPage" finished-at="2022-10-25T14:02:48 EDT" duration-ms="6125" status="PASS">
          <reporter-output>
          </reporter-output>
        </test-method> <!-- ShoppingPage -->
        <test-method is-config="true" signature="teardown()[pri:0, instance:com.amazon.test.ShoppingPageTest@5b7a7f33]" started-at="2022-10-25T14:02:48 EDT" name="teardown" finished-at="2022-10-25T14:02:48 EDT" duration-ms="423" status="PASS">
          <reporter-output>
          </reporter-output>
        </test-method> <!-- teardown -->
        <test-method is-config="true" signature="homePage()[pri:0, instance:com.amazon.test.ShoppingPageTest@5b7a7f33]" started-at="2022-10-25T14:02:48 EDT" name="homePage" finished-at="2022-10-25T14:03:07 EDT" duration-ms="19392" status="PASS">
          <reporter-output>
          </reporter-output>
        </test-method> <!-- homePage -->
        <test-method signature="verifyShoppingPageTitle()[pri:0, instance:com.amazon.test.ShoppingPageTest@5b7a7f33]" started-at="2022-10-25T14:03:07 EDT" name="verifyShoppingPageTitle" finished-at="2022-10-25T14:03:07 EDT" duration-ms="39" status="PASS">
          <reporter-output>
          </reporter-output>
        </test-method> <!-- verifyShoppingPageTitle -->
        <test-method is-config="true" signature="teardown()[pri:0, instance:com.amazon.test.ShoppingPageTest@5b7a7f33]" started-at="2022-10-25T14:03:07 EDT" name="teardown" finished-at="2022-10-25T14:03:08 EDT" duration-ms="891" status="PASS">
          <reporter-output>
          </reporter-output>
        </test-method> <!-- teardown -->
      </class> <!-- com.amazon.test.ShoppingPageTest -->
    </test> <!-- Amazon Shopping Test -->
  </suite> <!-- AmazonShopping Automation Test Suite -->
</testng-results>
